2020-06-15 19:16:45.1009||DEBUG|CarMaintenance.Program|Application started. 
2020-06-15 19:16:49.0833||INFO|Microsoft.AspNetCore.DataProtection.KeyManagement.XmlKeyManager|User profile is available. Using 'C:\Users\miron\AppData\Local\ASP.NET\DataProtection-Keys' as key repository and Windows DPAPI to encrypt keys at rest. 
2020-06-15 19:16:49.6494|58|INFO|Microsoft.AspNetCore.DataProtection.KeyManagement.XmlKeyManager|Creating key {6febd0b3-8ed8-44dd-85ce-5507c9f9e62a} with creation date 2020-06-15 16:16:49Z, activation date 2020-06-17 13:36:32Z, and expiration date 2020-09-13 16:16:49Z. 
2020-06-15 19:16:49.7454|39|INFO|Microsoft.AspNetCore.DataProtection.Repositories.FileSystemXmlRepository|Writing data to file 'C:\Users\miron\AppData\Local\ASP.NET\DataProtection-Keys\key-6febd0b3-8ed8-44dd-85ce-5507c9f9e62a.xml'. 
2020-06-15 19:16:50.7382|1|INFO|Microsoft.AspNetCore.Hosting.Internal.WebHost|Request starting HTTP/1.1 GET http://localhost:52672/api/values   
2020-06-15 19:16:51.0885|0|INFO|Microsoft.AspNetCore.Routing.EndpointMiddleware|Executing endpoint 'CarMaintenance.Controllers.ValuesController.Get (CarMaintenance)' 
2020-06-15 19:16:51.2319|3|INFO|Microsoft.AspNetCore.Mvc.Internal.ControllerActionInvoker|Route matched with {action = "Get", controller = "Values", page = "", area = ""}. Executing controller action with signature Microsoft.AspNetCore.Mvc.ActionResult`1[System.Collections.Generic.IEnumerable`1[System.String]] Get() on controller CarMaintenance.Controllers.ValuesController (CarMaintenance). 
2020-06-15 19:16:51.2541|1|INFO|Microsoft.AspNetCore.Mvc.Internal.ControllerActionInvoker|Executing action method CarMaintenance.Controllers.ValuesController.Get (CarMaintenance) - Validation state: Valid 
2020-06-15 19:16:51.2541|2|INFO|Microsoft.AspNetCore.Mvc.Internal.ControllerActionInvoker|Executed action method CarMaintenance.Controllers.ValuesController.Get (CarMaintenance), returned result Microsoft.AspNetCore.Mvc.ObjectResult in 1.1978ms. 
2020-06-15 19:16:51.2881|1|INFO|Microsoft.AspNetCore.Mvc.Infrastructure.ObjectResultExecutor|Executing ObjectResult, writing value of type 'System.String[]'. 
2020-06-15 19:16:51.4968|2|INFO|Microsoft.AspNetCore.Mvc.Internal.ControllerActionInvoker|Executed action CarMaintenance.Controllers.ValuesController.Get (CarMaintenance) in 252.9254ms 
2020-06-15 19:16:51.4968|1|INFO|Microsoft.AspNetCore.Routing.EndpointMiddleware|Executed endpoint 'CarMaintenance.Controllers.ValuesController.Get (CarMaintenance)' 
2020-06-15 19:16:51.5061|2|INFO|Microsoft.AspNetCore.Hosting.Internal.WebHost|Request finished in 769.5177ms 200 application/json; charset=utf-8 
2020-06-15 19:16:51.7114|1|INFO|Microsoft.AspNetCore.Hosting.Internal.WebHost|Request starting HTTP/1.1 GET http://localhost:52672/favicon.ico   
2020-06-15 19:16:51.7114|2|INFO|Microsoft.AspNetCore.Hosting.Internal.WebHost|Request finished in 10.6125ms 404  
2020-06-15 19:44:38.6133|10403|INFO|Microsoft.EntityFrameworkCore.Infrastructure|Entity Framework Core 2.2.6-servicing-10079 initialized 'CarContext' using provider 'Microsoft.EntityFrameworkCore.SqlServer' with options: None 
2020-06-15 19:44:50.1345|20101|INFO|Microsoft.EntityFrameworkCore.Database.Command|Executed DbCommand (607ms) [Parameters=[], CommandType='Text', CommandTimeout='60']
CREATE DATABASE [UserDB]; 
2020-06-15 19:44:50.3988|20101|INFO|Microsoft.EntityFrameworkCore.Database.Command|Executed DbCommand (257ms) [Parameters=[], CommandType='Text', CommandTimeout='60']
IF SERVERPROPERTY('EngineEdition') <> 5
BEGIN
    ALTER DATABASE [UserDB] SET READ_COMMITTED_SNAPSHOT ON;
END; 
2020-06-15 19:44:50.5160|20101|INFO|Microsoft.EntityFrameworkCore.Database.Command|Executed DbCommand (9ms) [Parameters=[], CommandType='Text', CommandTimeout='30']
CREATE TABLE [__EFMigrationsHistory] (
    [MigrationId] nvarchar(150) NOT NULL,
    [ProductVersion] nvarchar(32) NOT NULL,
    CONSTRAINT [PK___EFMigrationsHistory] PRIMARY KEY ([MigrationId])
); 
2020-06-15 19:44:50.5269|20101|INFO|Microsoft.EntityFrameworkCore.Database.Command|Executed DbCommand (9ms) [Parameters=[], CommandType='Text', CommandTimeout='30']
SELECT OBJECT_ID(N'[__EFMigrationsHistory]'); 
2020-06-15 19:44:50.5269|20101|INFO|Microsoft.EntityFrameworkCore.Database.Command|Executed DbCommand (3ms) [Parameters=[], CommandType='Text', CommandTimeout='30']
SELECT [MigrationId], [ProductVersion]
FROM [__EFMigrationsHistory]
ORDER BY [MigrationId]; 
2020-06-15 19:44:50.5445|20402|INFO|Microsoft.EntityFrameworkCore.Migrations|Applying migration '20200430151132_Car'. 
2020-06-15 19:44:50.5794|20101|INFO|Microsoft.EntityFrameworkCore.Database.Command|Executed DbCommand (9ms) [Parameters=[], CommandType='Text', CommandTimeout='30']
CREATE TABLE [Cars] (
    [Id] int NOT NULL IDENTITY,
    [UserId] nvarchar(max) NOT NULL,
    [Name] nvarchar(max) NOT NULL,
    [Details] nvarchar(max) NULL,
    [Year] int NOT NULL,
    [ActualKilometers] int NOT NULL,
    [LastRevision] datetime2 NOT NULL,
    [LastPti] datetime2 NOT NULL,
    [LastVig] datetime2 NOT NULL,
    CONSTRAINT [PK_Cars] PRIMARY KEY ([Id])
); 
2020-06-15 19:44:50.5933|20101|INFO|Microsoft.EntityFrameworkCore.Database.Command|Executed DbCommand (13ms) [Parameters=[], CommandType='Text', CommandTimeout='30']
INSERT INTO [__EFMigrationsHistory] ([MigrationId], [ProductVersion])
VALUES (N'20200430151132_Car', N'2.2.6-servicing-10079'); 
2020-06-15 19:44:50.5933|20402|INFO|Microsoft.EntityFrameworkCore.Migrations|Applying migration '20200504174311_change_UserId_columntype'. 
2020-06-15 19:44:50.7642|20101|INFO|Microsoft.EntityFrameworkCore.Database.Command|Executed DbCommand (157ms) [Parameters=[], CommandType='Text', CommandTimeout='30']
DECLARE @var0 sysname;
SELECT @var0 = [d].[name]
FROM [sys].[default_constraints] [d]
INNER JOIN [sys].[columns] [c] ON [d].[parent_column_id] = [c].[column_id] AND [d].[parent_object_id] = [c].[object_id]
WHERE ([d].[parent_object_id] = OBJECT_ID(N'[Cars]') AND [c].[name] = N'UserId');
IF @var0 IS NOT NULL EXEC(N'ALTER TABLE [Cars] DROP CONSTRAINT [' + @var0 + '];');
ALTER TABLE [Cars] ALTER COLUMN [UserId] nvarchar(450) NULL; 
2020-06-15 19:44:50.7748|20101|INFO|Microsoft.EntityFrameworkCore.Database.Command|Executed DbCommand (9ms) [Parameters=[], CommandType='Text', CommandTimeout='30']
INSERT INTO [__EFMigrationsHistory] ([MigrationId], [ProductVersion])
VALUES (N'20200504174311_change_UserId_columntype', N'2.2.6-servicing-10079'); 
2020-06-15 19:44:50.7748|20402|INFO|Microsoft.EntityFrameworkCore.Migrations|Applying migration '20200508084933_addedCarPeriodicity'. 
2020-06-15 19:44:50.8251|20101|INFO|Microsoft.EntityFrameworkCore.Database.Command|Executed DbCommand (10ms) [Parameters=[], CommandType='Text', CommandTimeout='30']
ALTER TABLE [Cars] ADD [PeriodicityId] int NULL; 
2020-06-15 19:44:50.8336|20101|INFO|Microsoft.EntityFrameworkCore.Database.Command|Executed DbCommand (4ms) [Parameters=[], CommandType='Text', CommandTimeout='30']
CREATE TABLE [CarPeriodicity] (
    [Id] int NOT NULL IDENTITY,
    [RevisionKm] int NOT NULL,
    [RevisionMonths] int NOT NULL,
    [PtiMonths] int NOT NULL,
    [VigMonths] int NOT NULL,
    CONSTRAINT [PK_CarPeriodicity] PRIMARY KEY ([Id])
); 
2020-06-15 19:44:50.8336|20101|INFO|Microsoft.EntityFrameworkCore.Database.Command|Executed DbCommand (5ms) [Parameters=[], CommandType='Text', CommandTimeout='30']
CREATE INDEX [IX_Cars_PeriodicityId] ON [Cars] ([PeriodicityId]); 
2020-06-15 19:44:50.8526|20101|INFO|Microsoft.EntityFrameworkCore.Database.Command|Executed DbCommand (5ms) [Parameters=[], CommandType='Text', CommandTimeout='30']
ALTER TABLE [Cars] ADD CONSTRAINT [FK_Cars_CarPeriodicity_PeriodicityId] FOREIGN KEY ([PeriodicityId]) REFERENCES [CarPeriodicity] ([Id]) ON DELETE NO ACTION; 
2020-06-15 19:44:50.8526|20101|INFO|Microsoft.EntityFrameworkCore.Database.Command|Executed DbCommand (3ms) [Parameters=[], CommandType='Text', CommandTimeout='30']
INSERT INTO [__EFMigrationsHistory] ([MigrationId], [ProductVersion])
VALUES (N'20200508084933_addedCarPeriodicity', N'2.2.6-servicing-10079'); 
2020-06-15 19:44:50.8526|20402|INFO|Microsoft.EntityFrameworkCore.Migrations|Applying migration '20200508093043_addedNullableProperties'. 
2020-06-15 19:44:50.9310|20101|INFO|Microsoft.EntityFrameworkCore.Database.Command|Executed DbCommand (53ms) [Parameters=[], CommandType='Text', CommandTimeout='30']
DECLARE @var1 sysname;
SELECT @var1 = [d].[name]
FROM [sys].[default_constraints] [d]
INNER JOIN [sys].[columns] [c] ON [d].[parent_column_id] = [c].[column_id] AND [d].[parent_object_id] = [c].[object_id]
WHERE ([d].[parent_object_id] = OBJECT_ID(N'[CarPeriodicity]') AND [c].[name] = N'VigMonths');
IF @var1 IS NOT NULL EXEC(N'ALTER TABLE [CarPeriodicity] DROP CONSTRAINT [' + @var1 + '];');
ALTER TABLE [CarPeriodicity] ALTER COLUMN [VigMonths] int NULL; 
2020-06-15 19:44:50.9825|20101|INFO|Microsoft.EntityFrameworkCore.Database.Command|Executed DbCommand (50ms) [Parameters=[], CommandType='Text', CommandTimeout='30']
DECLARE @var2 sysname;
SELECT @var2 = [d].[name]
FROM [sys].[default_constraints] [d]
INNER JOIN [sys].[columns] [c] ON [d].[parent_column_id] = [c].[column_id] AND [d].[parent_object_id] = [c].[object_id]
WHERE ([d].[parent_object_id] = OBJECT_ID(N'[CarPeriodicity]') AND [c].[name] = N'RevisionMonths');
IF @var2 IS NOT NULL EXEC(N'ALTER TABLE [CarPeriodicity] DROP CONSTRAINT [' + @var2 + '];');
ALTER TABLE [CarPeriodicity] ALTER COLUMN [RevisionMonths] int NULL; 
2020-06-15 19:44:51.0216|20101|INFO|Microsoft.EntityFrameworkCore.Database.Command|Executed DbCommand (38ms) [Parameters=[], CommandType='Text', CommandTimeout='30']
DECLARE @var3 sysname;
SELECT @var3 = [d].[name]
FROM [sys].[default_constraints] [d]
INNER JOIN [sys].[columns] [c] ON [d].[parent_column_id] = [c].[column_id] AND [d].[parent_object_id] = [c].[object_id]
WHERE ([d].[parent_object_id] = OBJECT_ID(N'[CarPeriodicity]') AND [c].[name] = N'RevisionKm');
IF @var3 IS NOT NULL EXEC(N'ALTER TABLE [CarPeriodicity] DROP CONSTRAINT [' + @var3 + '];');
ALTER TABLE [CarPeriodicity] ALTER COLUMN [RevisionKm] int NULL; 
2020-06-15 19:44:51.0549|20101|INFO|Microsoft.EntityFrameworkCore.Database.Command|Executed DbCommand (32ms) [Parameters=[], CommandType='Text', CommandTimeout='30']
DECLARE @var4 sysname;
SELECT @var4 = [d].[name]
FROM [sys].[default_constraints] [d]
INNER JOIN [sys].[columns] [c] ON [d].[parent_column_id] = [c].[column_id] AND [d].[parent_object_id] = [c].[object_id]
WHERE ([d].[parent_object_id] = OBJECT_ID(N'[CarPeriodicity]') AND [c].[name] = N'PtiMonths');
IF @var4 IS NOT NULL EXEC(N'ALTER TABLE [CarPeriodicity] DROP CONSTRAINT [' + @var4 + '];');
ALTER TABLE [CarPeriodicity] ALTER COLUMN [PtiMonths] int NULL; 
2020-06-15 19:44:51.0549|20101|INFO|Microsoft.EntityFrameworkCore.Database.Command|Executed DbCommand (1ms) [Parameters=[], CommandType='Text', CommandTimeout='30']
INSERT INTO [__EFMigrationsHistory] ([MigrationId], [ProductVersion])
VALUES (N'20200508093043_addedNullableProperties', N'2.2.6-servicing-10079'); 
2020-06-15 19:44:51.0549|20402|INFO|Microsoft.EntityFrameworkCore.Migrations|Applying migration '20200512180915_added-insurance-and-revision-km'. 
2020-06-15 19:44:51.0848|20101|INFO|Microsoft.EntityFrameworkCore.Database.Command|Executed DbCommand (6ms) [Parameters=[], CommandType='Text', CommandTimeout='30']
ALTER TABLE [Cars] DROP CONSTRAINT [FK_Cars_CarPeriodicity_PeriodicityId]; 
2020-06-15 19:44:51.0848|20101|INFO|Microsoft.EntityFrameworkCore.Database.Command|Executed DbCommand (6ms) [Parameters=[], CommandType='Text', CommandTimeout='30']
DROP INDEX [IX_Cars_PeriodicityId] ON [Cars]; 
2020-06-15 19:44:51.7352|20101|INFO|Microsoft.EntityFrameworkCore.Database.Command|Executed DbCommand (642ms) [Parameters=[], CommandType='Text', CommandTimeout='30']
EXEC sp_rename N'[Cars].[LastRevision]', N'LastRevisionDate', N'COLUMN'; 
2020-06-15 19:44:51.7763|20101|INFO|Microsoft.EntityFrameworkCore.Database.Command|Executed DbCommand (40ms) [Parameters=[], CommandType='Text', CommandTimeout='30']
DECLARE @var5 sysname;
SELECT @var5 = [d].[name]
FROM [sys].[default_constraints] [d]
INNER JOIN [sys].[columns] [c] ON [d].[parent_column_id] = [c].[column_id] AND [d].[parent_object_id] = [c].[object_id]
WHERE ([d].[parent_object_id] = OBJECT_ID(N'[Cars]') AND [c].[name] = N'PeriodicityId');
IF @var5 IS NOT NULL EXEC(N'ALTER TABLE [Cars] DROP CONSTRAINT [' + @var5 + '];');
ALTER TABLE [Cars] ALTER COLUMN [PeriodicityId] int NULL; 
2020-06-15 19:44:51.7763|20101|INFO|Microsoft.EntityFrameworkCore.Database.Command|Executed DbCommand (3ms) [Parameters=[], CommandType='Text', CommandTimeout='30']
ALTER TABLE [Cars] ADD [LastInsurance] datetime2 NOT NULL DEFAULT '0001-01-01T00:00:00.0000000'; 
2020-06-15 19:44:51.7763|20101|INFO|Microsoft.EntityFrameworkCore.Database.Command|Executed DbCommand (3ms) [Parameters=[], CommandType='Text', CommandTimeout='30']
ALTER TABLE [Cars] ADD [LastRevisionKm] int NOT NULL DEFAULT 0; 
2020-06-15 19:44:51.7884|20101|INFO|Microsoft.EntityFrameworkCore.Database.Command|Executed DbCommand (3ms) [Parameters=[], CommandType='Text', CommandTimeout='30']
ALTER TABLE [CarPeriodicity] ADD [InsuranceMonths] int NULL; 
2020-06-15 19:44:51.7884|20101|INFO|Microsoft.EntityFrameworkCore.Database.Command|Executed DbCommand (2ms) [Parameters=[], CommandType='Text', CommandTimeout='30']
CREATE INDEX [IX_Cars_PeriodicityId] ON [Cars] ([PeriodicityId]); 
2020-06-15 19:44:51.7884|20101|INFO|Microsoft.EntityFrameworkCore.Database.Command|Executed DbCommand (1ms) [Parameters=[], CommandType='Text', CommandTimeout='30']
ALTER TABLE [Cars] ADD CONSTRAINT [FK_Cars_CarPeriodicity_PeriodicityId] FOREIGN KEY ([PeriodicityId]) REFERENCES [CarPeriodicity] ([Id]) ON DELETE NO ACTION; 
2020-06-15 19:44:51.7884|20101|INFO|Microsoft.EntityFrameworkCore.Database.Command|Executed DbCommand (1ms) [Parameters=[], CommandType='Text', CommandTimeout='30']
INSERT INTO [__EFMigrationsHistory] ([MigrationId], [ProductVersion])
VALUES (N'20200512180915_added-insurance-and-revision-km', N'2.2.6-servicing-10079'); 
2020-06-15 19:47:43.3420|10403|INFO|Microsoft.EntityFrameworkCore.Infrastructure|Entity Framework Core 2.2.6-servicing-10079 initialized 'AuthenticationContext' using provider 'Microsoft.EntityFrameworkCore.SqlServer' with options: None 
2020-06-15 19:47:45.1516|20101|INFO|Microsoft.EntityFrameworkCore.Database.Command|Executed DbCommand (25ms) [Parameters=[], CommandType='Text', CommandTimeout='30']
SELECT OBJECT_ID(N'[__EFMigrationsHistory]'); 
2020-06-15 19:47:45.1729|20101|INFO|Microsoft.EntityFrameworkCore.Database.Command|Executed DbCommand (15ms) [Parameters=[], CommandType='Text', CommandTimeout='30']
SELECT OBJECT_ID(N'[__EFMigrationsHistory]'); 
2020-06-15 19:47:45.2007|20101|INFO|Microsoft.EntityFrameworkCore.Database.Command|Executed DbCommand (14ms) [Parameters=[], CommandType='Text', CommandTimeout='30']
SELECT [MigrationId], [ProductVersion]
FROM [__EFMigrationsHistory]
ORDER BY [MigrationId]; 
2020-06-15 19:47:45.2242|20402|INFO|Microsoft.EntityFrameworkCore.Migrations|Applying migration '20200321152555_InitialCreate'. 
2020-06-15 19:47:45.4549|20101|INFO|Microsoft.EntityFrameworkCore.Database.Command|Executed DbCommand (89ms) [Parameters=[], CommandType='Text', CommandTimeout='30']
CREATE TABLE [AspNetRoles] (
    [Id] nvarchar(450) NOT NULL,
    [Name] nvarchar(256) NULL,
    [NormalizedName] nvarchar(256) NULL,
    [ConcurrencyStamp] nvarchar(max) NULL,
    CONSTRAINT [PK_AspNetRoles] PRIMARY KEY ([Id])
); 
2020-06-15 19:47:45.4742|20101|INFO|Microsoft.EntityFrameworkCore.Database.Command|Executed DbCommand (18ms) [Parameters=[], CommandType='Text', CommandTimeout='30']
CREATE TABLE [AspNetUsers] (
    [Id] nvarchar(450) NOT NULL,
    [UserName] nvarchar(256) NULL,
    [NormalizedUserName] nvarchar(256) NULL,
    [Email] nvarchar(256) NULL,
    [NormalizedEmail] nvarchar(256) NULL,
    [EmailConfirmed] bit NOT NULL,
    [PasswordHash] nvarchar(max) NULL,
    [SecurityStamp] nvarchar(max) NULL,
    [ConcurrencyStamp] nvarchar(max) NULL,
    [PhoneNumber] nvarchar(max) NULL,
    [PhoneNumberConfirmed] bit NOT NULL,
    [TwoFactorEnabled] bit NOT NULL,
    [LockoutEnd] datetimeoffset NULL,
    [LockoutEnabled] bit NOT NULL,
    [AccessFailedCount] int NOT NULL,
    [Discriminator] nvarchar(max) NOT NULL,
    [FullName] nvarchar(100) NULL,
    CONSTRAINT [PK_AspNetUsers] PRIMARY KEY ([Id])
); 
2020-06-15 19:47:45.5008|20101|INFO|Microsoft.EntityFrameworkCore.Database.Command|Executed DbCommand (25ms) [Parameters=[], CommandType='Text', CommandTimeout='30']
CREATE TABLE [AspNetRoleClaims] (
    [Id] int NOT NULL IDENTITY,
    [RoleId] nvarchar(450) NOT NULL,
    [ClaimType] nvarchar(max) NULL,
    [ClaimValue] nvarchar(max) NULL,
    CONSTRAINT [PK_AspNetRoleClaims] PRIMARY KEY ([Id]),
    CONSTRAINT [FK_AspNetRoleClaims_AspNetRoles_RoleId] FOREIGN KEY ([RoleId]) REFERENCES [AspNetRoles] ([Id]) ON DELETE CASCADE
); 
2020-06-15 19:47:45.5248|20101|INFO|Microsoft.EntityFrameworkCore.Database.Command|Executed DbCommand (19ms) [Parameters=[], CommandType='Text', CommandTimeout='30']
CREATE TABLE [AspNetUserClaims] (
    [Id] int NOT NULL IDENTITY,
    [UserId] nvarchar(450) NOT NULL,
    [ClaimType] nvarchar(max) NULL,
    [ClaimValue] nvarchar(max) NULL,
    CONSTRAINT [PK_AspNetUserClaims] PRIMARY KEY ([Id]),
    CONSTRAINT [FK_AspNetUserClaims_AspNetUsers_UserId] FOREIGN KEY ([UserId]) REFERENCES [AspNetUsers] ([Id]) ON DELETE CASCADE
); 
2020-06-15 19:47:45.5544|20101|INFO|Microsoft.EntityFrameworkCore.Database.Command|Executed DbCommand (28ms) [Parameters=[], CommandType='Text', CommandTimeout='30']
CREATE TABLE [AspNetUserLogins] (
    [LoginProvider] nvarchar(128) NOT NULL,
    [ProviderKey] nvarchar(128) NOT NULL,
    [ProviderDisplayName] nvarchar(max) NULL,
    [UserId] nvarchar(450) NOT NULL,
    CONSTRAINT [PK_AspNetUserLogins] PRIMARY KEY ([LoginProvider], [ProviderKey]),
    CONSTRAINT [FK_AspNetUserLogins_AspNetUsers_UserId] FOREIGN KEY ([UserId]) REFERENCES [AspNetUsers] ([Id]) ON DELETE CASCADE
); 
2020-06-15 19:47:45.5764|20101|INFO|Microsoft.EntityFrameworkCore.Database.Command|Executed DbCommand (21ms) [Parameters=[], CommandType='Text', CommandTimeout='30']
CREATE TABLE [AspNetUserRoles] (
    [UserId] nvarchar(450) NOT NULL,
    [RoleId] nvarchar(450) NOT NULL,
    CONSTRAINT [PK_AspNetUserRoles] PRIMARY KEY ([UserId], [RoleId]),
    CONSTRAINT [FK_AspNetUserRoles_AspNetRoles_RoleId] FOREIGN KEY ([RoleId]) REFERENCES [AspNetRoles] ([Id]) ON DELETE CASCADE,
    CONSTRAINT [FK_AspNetUserRoles_AspNetUsers_UserId] FOREIGN KEY ([UserId]) REFERENCES [AspNetUsers] ([Id]) ON DELETE CASCADE
); 
2020-06-15 19:47:45.5940|20101|INFO|Microsoft.EntityFrameworkCore.Database.Command|Executed DbCommand (16ms) [Parameters=[], CommandType='Text', CommandTimeout='30']
CREATE TABLE [AspNetUserTokens] (
    [UserId] nvarchar(450) NOT NULL,
    [LoginProvider] nvarchar(128) NOT NULL,
    [Name] nvarchar(128) NOT NULL,
    [Value] nvarchar(max) NULL,
    CONSTRAINT [PK_AspNetUserTokens] PRIMARY KEY ([UserId], [LoginProvider], [Name]),
    CONSTRAINT [FK_AspNetUserTokens_AspNetUsers_UserId] FOREIGN KEY ([UserId]) REFERENCES [AspNetUsers] ([Id]) ON DELETE CASCADE
); 
2020-06-15 19:47:45.5983|20101|INFO|Microsoft.EntityFrameworkCore.Database.Command|Executed DbCommand (3ms) [Parameters=[], CommandType='Text', CommandTimeout='30']
CREATE INDEX [IX_AspNetRoleClaims_RoleId] ON [AspNetRoleClaims] ([RoleId]); 
2020-06-15 19:47:45.5983|20101|INFO|Microsoft.EntityFrameworkCore.Database.Command|Executed DbCommand (10ms) [Parameters=[], CommandType='Text', CommandTimeout='30']
CREATE UNIQUE INDEX [RoleNameIndex] ON [AspNetRoles] ([NormalizedName]) WHERE [NormalizedName] IS NOT NULL; 
2020-06-15 19:47:45.6138|20101|INFO|Microsoft.EntityFrameworkCore.Database.Command|Executed DbCommand (2ms) [Parameters=[], CommandType='Text', CommandTimeout='30']
CREATE INDEX [IX_AspNetUserClaims_UserId] ON [AspNetUserClaims] ([UserId]); 
2020-06-15 19:47:45.6138|20101|INFO|Microsoft.EntityFrameworkCore.Database.Command|Executed DbCommand (4ms) [Parameters=[], CommandType='Text', CommandTimeout='30']
CREATE INDEX [IX_AspNetUserLogins_UserId] ON [AspNetUserLogins] ([UserId]); 
2020-06-15 19:47:45.6138|20101|INFO|Microsoft.EntityFrameworkCore.Database.Command|Executed DbCommand (3ms) [Parameters=[], CommandType='Text', CommandTimeout='30']
CREATE INDEX [IX_AspNetUserRoles_RoleId] ON [AspNetUserRoles] ([RoleId]); 
2020-06-15 19:47:45.6138|20101|INFO|Microsoft.EntityFrameworkCore.Database.Command|Executed DbCommand (2ms) [Parameters=[], CommandType='Text', CommandTimeout='30']
CREATE INDEX [EmailIndex] ON [AspNetUsers] ([NormalizedEmail]); 
2020-06-15 19:47:45.6299|20101|INFO|Microsoft.EntityFrameworkCore.Database.Command|Executed DbCommand (2ms) [Parameters=[], CommandType='Text', CommandTimeout='30']
CREATE UNIQUE INDEX [UserNameIndex] ON [AspNetUsers] ([NormalizedUserName]) WHERE [NormalizedUserName] IS NOT NULL; 
2020-06-15 19:47:45.6299|20101|INFO|Microsoft.EntityFrameworkCore.Database.Command|Executed DbCommand (8ms) [Parameters=[], CommandType='Text', CommandTimeout='30']
INSERT INTO [__EFMigrationsHistory] ([MigrationId], [ProductVersion])
VALUES (N'20200321152555_InitialCreate', N'2.2.6-servicing-10079'); 
2020-06-15 19:48:20.4159||DEBUG|CarMaintenance.Program|Application started. 
2020-06-15 19:48:31.5320||INFO|Microsoft.AspNetCore.DataProtection.KeyManagement.XmlKeyManager|User profile is available. Using 'C:\Users\miron\AppData\Local\ASP.NET\DataProtection-Keys' as key repository and Windows DPAPI to encrypt keys at rest. 
2020-06-15 19:48:35.7749|1|INFO|Microsoft.AspNetCore.Hosting.Internal.WebHost|Request starting HTTP/1.1 GET http://localhost:52672/api/values   
2020-06-15 19:48:36.2605|0|INFO|Microsoft.AspNetCore.Routing.EndpointMiddleware|Executing endpoint 'CarMaintenance.Controllers.ValuesController.Get (CarMaintenance)' 
2020-06-15 19:48:36.3263|3|INFO|Microsoft.AspNetCore.Mvc.Internal.ControllerActionInvoker|Route matched with {action = "Get", controller = "Values", page = "", area = ""}. Executing controller action with signature Microsoft.AspNetCore.Mvc.ActionResult`1[System.Collections.Generic.IEnumerable`1[System.String]] Get() on controller CarMaintenance.Controllers.ValuesController (CarMaintenance). 
2020-06-15 19:48:36.3816|1|INFO|Microsoft.AspNetCore.Mvc.Internal.ControllerActionInvoker|Executing action method CarMaintenance.Controllers.ValuesController.Get (CarMaintenance) - Validation state: Valid 
2020-06-15 19:48:36.3816|2|INFO|Microsoft.AspNetCore.Mvc.Internal.ControllerActionInvoker|Executed action method CarMaintenance.Controllers.ValuesController.Get (CarMaintenance), returned result Microsoft.AspNetCore.Mvc.ObjectResult in 0.6417ms. 
2020-06-15 19:48:36.4114|1|INFO|Microsoft.AspNetCore.Mvc.Infrastructure.ObjectResultExecutor|Executing ObjectResult, writing value of type 'System.String[]'. 
2020-06-15 19:48:36.6177|2|INFO|Microsoft.AspNetCore.Mvc.Internal.ControllerActionInvoker|Executed action CarMaintenance.Controllers.ValuesController.Get (CarMaintenance) in 263.3213ms 
2020-06-15 19:48:36.6177|1|INFO|Microsoft.AspNetCore.Routing.EndpointMiddleware|Executed endpoint 'CarMaintenance.Controllers.ValuesController.Get (CarMaintenance)' 
2020-06-15 19:48:36.6177|2|INFO|Microsoft.AspNetCore.Hosting.Internal.WebHost|Request finished in 856.1814ms 200 application/json; charset=utf-8 
